#
# There is insufficient memory for the Java Runtime Environment to continue.
# Native memory allocation (mmap) failed to map 100663296 bytes for G1 virtual space
# Possible reasons:
#   The system is out of physical RAM or swap space
#   The process is running with CompressedOops enabled, and the Java Heap may be blocking the growth of the native heap
# Possible solutions:
#   Reduce memory load on the system
#   Increase physical memory or swap space
#   Check if swap backing store is full
#   Decrease Java heap size (-Xmx/-Xms)
#   Decrease number of Java threads
#   Decrease Java thread stack sizes (-Xss)
#   Set larger code cache with -XX:ReservedCodeCacheSize=
#   JVM is running with Unscaled Compressed Oops mode in which the Java heap is
#     placed in the first 4GB address space. The Java Heap base address is the
#     maximum limit for the native heap growth. Please use -XX:HeapBaseMinAddress
#     to set the Java Heap base and to place the Java Heap above 4GB virtual address.
# This output file may be truncated or incomplete.
#
#  Out of Memory Error (./open/src/hotspot/os/windows/os_windows.cpp:3472), pid=1716, tid=21904
#
# JRE version:  (15.0.1+9) (build )
# Java VM: Java HotSpot(TM) 64-Bit Server VM (15.0.1+9-18, mixed mode, sharing, tiered, compressed oops, g1 gc, windows-amd64)
# No core dump will be written. Minidumps are not enabled by default on client versions of Windows
#

---------------  S U M M A R Y ------------

Command Line: -Dfile.encoding=UTF-8 --module-path=C:\Users\Admin\Documents\NetBeansProjects\Hotel Management System\build\classes hotel.management.system.empinfo

Host: AMD Ryzen 5 3500U with Radeon Vega Mobile Gfx  , 8 cores, 5G,  Windows 10 , 64 bit Build 19041 (10.0.19041.928)
Time: Sun Apr 25 18:34:47 2021 India Standard Time elapsed time: 0.043264 seconds (0d 0h 0m 0s)

---------------  T H R E A D  ---------------

Current thread (0x000001e45df9f880):  JavaThread "Unknown thread" [_thread_in_vm, id=21904, stack(0x0000001649f00000,0x000000164a000000)]

Stack: [0x0000001649f00000,0x000000164a000000]
Native frames: (J=compiled Java code, j=interpreted, Vv=VM code, C=native code)
V  [jvm.dll+0x62ae9a]
V  [jvm.dll+0x781389]
V  [jvm.dll+0x782ae3]
V  [jvm.dll+0x783143]
V  [jvm.dll+0x216265]
V  [jvm.dll+0x6281d9]
V  [jvm.dll+0x61cd15]
V  [jvm.dll+0x2d01fd]
V  [jvm.dll+0x2d0062]
V  [jvm.dll+0x2d603c]
V  [jvm.dll+0x325b2a]
V  [jvm.dll+0x3251f4]
V  [jvm.dll+0x2a717a]
V  [jvm.dll+0x2a8318]
V  [jvm.dll+0x75e101]
V  [jvm.dll+0x3343e4]
V  [jvm.dll+0x73e826]
V  [jvm.dll+0x3b7777]
V  [jvm.dll+0x3b9201]
C  [jli.dll+0x52fb]
C  [ucrtbase.dll+0x21bb2]
C  [KERNEL32.DLL+0x17034]
C  [ntdll.dll+0x52651]


---------------  P R O C E S S  ---------------

Threads class SMR info:
_java_thread_list=0x00007ff996c64ff0, length=0, elements={
}

Java Threads: ( => current thread )

Other Threads:
  0x000001e45dfd8160 GCTaskThread "GC Thread#0" [stack: 0x000000164a000000,0x000000164a100000] [id=25744]
  0x000001e45dfe5270 ConcurrentGCThread "G1 Main Marker" [stack: 0x000000164a100000,0x000000164a200000] [id=26008]
  0x000001e45dfe7610 ConcurrentGCThread "G1 Conc#0" [stack: 0x000000164a200000,0x000000164a300000] [id=22204]

[error occurred during error reporting (printing all threads), id 0xc0000005, EXCEPTION_ACCESS_VIOLATION (0xc0000005) at pc=0x00007ff996458047]

VM state: not at safepoint (not fully initialized)

VM Mutex/Monitor currently owned by a thread:  ([mutex/lock_event])
[0x000001e45df9b5d0] Heap_lock - owner thread: 0x000001e45df9f880

Heap address: 0x00000000a0e00000, size: 1522 MB, Compressed Oops mode: 32-bit
CDS archive(s) mapped at: [0x0000000000000000-0x0000000000000000-0x0000000000000000), size 0, SharedBaseAddress: 0x0000000800000000, ArchiveRelocationMode: 0.
Narrow klass base: 0x0000000000000000, Narrow klass shift: 0, Narrow klass range: 0x0

Heap:
 garbage-first heap   total 98304K, used 0K [0x00000000a0e00000, 0x0000000100000000)
  region size 1024K, 0 young (0K), 0 survivors (0K)
 Metaspace       used 0K, capacity 0K, committed 0K, reserved 0K
  class space    used 0K, capacity 0K, committed 0K, reserved 0K

Heap Regions: E=young(eden), S=young(survivor), O=old, HS=humongous(starts), HC=humongous(continues), CS=collection set, F=free, OA=open archive, CA=closed archive, TAMS=top-at-mark-start (previous, next)

Card table byte_map: [0x000001e475810000,0x000001e475b10000] _byte_map_base: 0x000001e475309000

Marking Bits (Prev, Next): (CMBitMap*) 0x000001e45dfd89d0, (CMBitMap*) 0x000001e45dfd8a10
 Prev Bits: [0x000001e475e10000, 0x000001e4775d8000)
 Next Bits: [0x000001e4775e0000, 0x000001e478da8000)

GC Heap History (0 events):
No events

Deoptimization events (0 events):
No events

Classes unloaded (0 events):
No events

Classes redefined (0 events):
No events

Internal exceptions (0 events):
No events

Events (1 events):
Event: 0.024 Loaded shared library C:\Program Files\Java\jdk-15.0.1\bin\java.dll


Dynamic libraries:
0x00007ff752570000 - 0x00007ff75257f000 	C:\Program Files\Java\jdk-15.0.1\bin\java.exe
0x00007ff9f72d0000 - 0x00007ff9f74c5000 	C:\WINDOWS\SYSTEM32\ntdll.dll
0x00007ff9f66a0000 - 0x00007ff9f675d000 	C:\WINDOWS\System32\KERNEL32.DLL
0x00007ff9f4b50000 - 0x00007ff9f4e18000 	C:\WINDOWS\System32\KERNELBASE.dll
0x00007ff9f4e20000 - 0x00007ff9f4f20000 	C:\WINDOWS\System32\ucrtbase.dll
0x00007ff9f0280000 - 0x00007ff9f0298000 	C:\Program Files\Java\jdk-15.0.1\bin\jli.dll
0x00007ff9ee9a0000 - 0x00007ff9ee9b9000 	C:\Program Files\Java\jdk-15.0.1\bin\VCRUNTIME140.dll
0x00007ff9f6770000 - 0x00007ff9f681c000 	C:\WINDOWS\System32\ADVAPI32.dll
0x00007ff9f59b0000 - 0x00007ff9f5a4e000 	C:\WINDOWS\System32\msvcrt.dll
0x00007ff9f55b0000 - 0x00007ff9f564b000 	C:\WINDOWS\System32\sechost.dll
0x00007ff9f5650000 - 0x00007ff9f577b000 	C:\WINDOWS\System32\RPCRT4.dll
0x00007ff9f5780000 - 0x00007ff9f5920000 	C:\WINDOWS\System32\USER32.dll
0x00007ff9f4fa0000 - 0x00007ff9f4fc2000 	C:\WINDOWS\System32\win32u.dll
0x00007ff9f7140000 - 0x00007ff9f716a000 	C:\WINDOWS\System32\GDI32.dll
0x00007ff9e3bb0000 - 0x00007ff9e3e4a000 	C:\WINDOWS\WinSxS\amd64_microsoft.windows.common-controls_6595b64144ccf1df_6.0.19041.844_none_ca00b6081b84eb1d\COMCTL32.dll
0x00007ff9f4a40000 - 0x00007ff9f4b4b000 	C:\WINDOWS\System32\gdi32full.dll
0x00007ff9f4fd0000 - 0x00007ff9f506d000 	C:\WINDOWS\System32\msvcp_win.dll
0x00007ff9ea5d0000 - 0x00007ff9ea5da000 	C:\WINDOWS\SYSTEM32\VERSION.dll
0x00007ff9f5920000 - 0x00007ff9f5950000 	C:\WINDOWS\System32\IMM32.DLL
0x00007ff9f01f0000 - 0x00007ff9f01fc000 	C:\Program Files\Java\jdk-15.0.1\bin\vcruntime140_1.dll
0x00007ff9e6830000 - 0x00007ff9e68c1000 	C:\Program Files\Java\jdk-15.0.1\bin\msvcp140.dll
0x00007ff9961a0000 - 0x00007ff996cfe000 	C:\Program Files\Java\jdk-15.0.1\bin\server\jvm.dll
0x00007ff9f61a0000 - 0x00007ff9f61a8000 	C:\WINDOWS\System32\PSAPI.DLL
0x00007ff9ea5a0000 - 0x00007ff9ea5c7000 	C:\WINDOWS\SYSTEM32\WINMM.dll
0x00007ff9f0400000 - 0x00007ff9f0409000 	C:\WINDOWS\SYSTEM32\WSOCK32.dll
0x00007ff9f5540000 - 0x00007ff9f55ab000 	C:\WINDOWS\System32\WS2_32.dll
0x00007ff9f32c0000 - 0x00007ff9f32d2000 	C:\WINDOWS\SYSTEM32\kernel.appcore.dll
0x00007ff9eefb0000 - 0x00007ff9eefba000 	C:\Program Files\Java\jdk-15.0.1\bin\jimage.dll
0x00007ff9f30b0000 - 0x00007ff9f3294000 	C:\WINDOWS\SYSTEM32\DBGHELP.DLL
0x00007ff9e0920000 - 0x00007ff9e094c000 	C:\WINDOWS\SYSTEM32\dbgcore.DLL
0x00007ff9f4f20000 - 0x00007ff9f4fa0000 	C:\WINDOWS\System32\bcryptPrimitives.dll
0x00007ff9ecff0000 - 0x00007ff9ed015000 	C:\Program Files\Java\jdk-15.0.1\bin\java.dll

dbghelp: loaded successfully - version: 4.0.5 - missing functions: none
symbol engine: initialized successfully - sym options: 0x614 - pdb path: .;C:\Program Files\Java\jdk-15.0.1\bin;C:\WINDOWS\SYSTEM32;C:\WINDOWS\WinSxS\amd64_microsoft.windows.common-controls_6595b64144ccf1df_6.0.19041.844_none_ca00b6081b84eb1d;C:\Program Files\Java\jdk-15.0.1\bin\server

VM Arguments:
jvm_args: -Dfile.encoding=UTF-8 --module-path=C:\Users\Admin\Documents\NetBeansProjects\Hotel Management System\build\classes 
java_command: hotel.management.system.empinfo
java_class_path (initial): C:\Users\Admin\Downloads\mysql-connector-java-8.0.23.jar;C:\Users\Admin\Downloads\rs2xml.jar;C:\Users\Admin\Documents\NetBeansProjects\Hotel Management System\build\classes
Launcher Type: SUN_STANDARD

[Global flags]
     intx CICompilerCount                          = 4                                         {product} {ergonomic}
     uint ConcGCThreads                            = 2                                         {product} {ergonomic}
     uint G1ConcRefinementThreads                  = 8                                         {product} {ergonomic}
   size_t G1HeapRegionSize                         = 1048576                                   {product} {ergonomic}
    uintx GCDrainStackTargetSize                   = 64                                        {product} {ergonomic}
   size_t InitialHeapSize                          = 100663296                                 {product} {ergonomic}
   size_t MarkStackSize                            = 4194304                                   {product} {ergonomic}
   size_t MaxHeapSize                              = 1595932672                                {product} {ergonomic}
   size_t MinHeapDeltaBytes                        = 1048576                                   {product} {ergonomic}
   size_t MinHeapSize                              = 8388608                                   {product} {ergonomic}
    uintx NonNMethodCodeHeapSize                   = 5839372                                {pd product} {ergonomic}
    uintx NonProfiledCodeHeapSize                  = 122909434                              {pd product} {ergonomic}
    uintx ProfiledCodeHeapSize                     = 122909434                              {pd product} {ergonomic}
    uintx ReservedCodeCacheSize                    = 251658240                              {pd product} {ergonomic}
     bool SegmentedCodeCache                       = true                                      {product} {ergonomic}
   size_t SoftMaxHeapSize                          = 1595932672                             {manageable} {ergonomic}
     bool UseCompressedClassPointers               = true                                 {lp64_product} {ergonomic}
     bool UseCompressedOops                        = true                                 {lp64_product} {ergonomic}
     bool UseG1GC                                  = true                                      {product} {ergonomic}
     bool UseLargePagesIndividualAllocation        = false                                  {pd product} {ergonomic}

Logging:
Log output configuration:
 #0: stdout all=warning uptime,level,tags
 #1: stderr all=off uptime,level,tags

Environment Variables:
JAVA_HOME=C:\Program Files\Java\jdk-15.0.1
PATH=C:\Program Files\Common Files\Oracle\Java\javapath;C:\WINDOWS\system32;C:\WINDOWS;C:\WINDOWS\System32\Wbem;C:\WINDOWS\System32\WindowsPowerShell\v1.0\;C:\WINDOWS\System32\OpenSSH\;C:\Program Files\MATLAB\R2017a\runtime\win64;C:\Program Files\MATLAB\R2017a\bin;C:\Program Files\Git\cmd;C:\Program Files\Git\mingw64\bin;C:\Program Files\Git\usr\bin;C:\Program Files\Java\jdk-15.0.1\bin;C:\Program Files\MySQL\MySQL Shell 8.0\bin\;C:\Users\Admin\AppData\Local\Programs\Python\Python38\Scripts\;C:\Users\Admin\AppData\Local\Programs\Python\Python38\;C:\Users\Admin\AppData\Local\Microsoft\WindowsApps;C:\Users\Admin\AppData\Local\atom\bin;C:\Users\Admin\AppData\Local\Programs\Microsoft VS Code\bin;C:\Program Files\JetBrains\IntelliJ IDEA Community Edition 2020.3.1\bin;;C:\Users\Admin\AppData\Local\Microsoft\WindowsApps;
USERNAME=Admin
OS=Windows_NT
PROCESSOR_IDENTIFIER=AMD64 Family 23 Model 24 Stepping 1, AuthenticAMD



---------------  S Y S T E M  ---------------

OS:
 Windows 10 , 64 bit Build 19041 (10.0.19041.928)
OS uptime: 0 days 22:37 hours

CPU: total 8 (initial active 8) (8 cores per cpu, 2 threads per core) family 23 model 24 stepping 1 microcode 0x0, cmov, cx8, fxsr, mmx, sse, sse2, sse3, ssse3, sse4.1, sse4.2, popcnt, vzeroupper, avx, avx2, aes, clmul, 3dnowpref, lzcnt, sse4a, ht, tsc, tscinvbit, tscinv, bmi1, bmi2, adx, sha, fma, clflush, clflushopt

Memory: 4k page, system-wide physical 6082M (250M free)
TotalPageFile size 21185M (AvailPageFile size 83M)
current process WorkingSet (physical memory assigned to process): 10M, peak: 10M
current process commit charge ("private bytes"): 60M, peak: 156M

vm_info: Java HotSpot(TM) 64-Bit Server VM (15.0.1+9-18) for windows-amd64 JRE (15.0.1+9-18), built on Sep 15 2020 14:43:54 by "mach5one" with unknown MS VC++:1925

END.
