#
# There is insufficient memory for the Java Runtime Environment to continue.
# Native memory allocation (malloc) failed to allocate 32744 bytes for ChunkPool::allocate
# Possible reasons:
#   The system is out of physical RAM or swap space
#   The process is running with CompressedOops enabled, and the Java Heap may be blocking the growth of the native heap
# Possible solutions:
#   Reduce memory load on the system
#   Increase physical memory or swap space
#   Check if swap backing store is full
#   Decrease Java heap size (-Xmx/-Xms)
#   Decrease number of Java threads
#   Decrease Java thread stack sizes (-Xss)
#   Set larger code cache with -XX:ReservedCodeCacheSize=
#   JVM is running with Unscaled Compressed Oops mode in which the Java heap is
#     placed in the first 4GB address space. The Java Heap base address is the
#     maximum limit for the native heap growth. Please use -XX:HeapBaseMinAddress
#     to set the Java Heap base and to place the Java Heap above 4GB virtual address.
# This output file may be truncated or incomplete.
#
#  Out of Memory Error (./open/src/hotspot/share/memory/arena.cpp:79), pid=22728, tid=17284
#
# JRE version: Java(TM) SE Runtime Environment (15.0.1+9) (build 15.0.1+9-18)
# Java VM: Java HotSpot(TM) 64-Bit Server VM (15.0.1+9-18, mixed mode, sharing, tiered, compressed oops, g1 gc, windows-amd64)
# No core dump will be written. Minidumps are not enabled by default on client versions of Windows
#

---------------  S U M M A R Y ------------

Command Line: -Dfile.encoding=UTF-8 --module-path=C:\Users\Admin\Documents\NetBeansProjects\Hotel Management System\build\classes hotel.management.system.empinfo

Host: AMD Ryzen 5 3500U with Radeon Vega Mobile Gfx  , 8 cores, 5G,  Windows 10 , 64 bit Build 19041 (10.0.19041.928)
Time: Sun Apr 25 18:08:40 2021 India Standard Time elapsed time: 6.413467 seconds (0d 0h 0m 6s)

---------------  T H R E A D  ---------------

Current thread (0x0000020d634db370):  JavaThread "C2 CompilerThread0" daemon [_thread_in_native, id=17284, stack(0x0000004378700000,0x0000004378800000)]


Current CompileTask:
C2:   6414 1000       4       java.util.Properties::loadConvert (544 bytes)

Stack: [0x0000004378700000,0x0000004378800000]
Native frames: (J=compiled Java code, j=interpreted, Vv=VM code, C=native code)
V  [jvm.dll+0x62ae9a]
V  [jvm.dll+0x781389]
V  [jvm.dll+0x782ae3]
V  [jvm.dll+0x783143]
V  [jvm.dll+0x216265]
V  [jvm.dll+0x9828f]
V  [jvm.dll+0x985dc]
V  [jvm.dll+0x54088f]
V  [jvm.dll+0x1f3064]
V  [jvm.dll+0x1eca31]
V  [jvm.dll+0x1e97a7]
V  [jvm.dll+0x1784c7]
V  [jvm.dll+0x1f9165]
V  [jvm.dll+0x1f720c]
V  [jvm.dll+0x74485d]
V  [jvm.dll+0x73d65a]
V  [jvm.dll+0x629c56]
C  [ucrtbase.dll+0x21bb2]
C  [KERNEL32.DLL+0x17034]
C  [ntdll.dll+0x52651]


---------------  P R O C E S S  ---------------

Threads class SMR info:
_java_thread_list=0x0000020d6352c050, length=18, elements={
0x0000020d45d8e6a0, 0x0000020d634ba2b0, 0x0000020d634d2b10, 0x0000020d634d55d0,
0x0000020d634d6080, 0x0000020d634db370, 0x0000020d634dde80, 0x0000020d634f1060,
0x0000020d634ae7b0, 0x0000020d63f63070, 0x0000020d6418b6f0, 0x0000020d6418e840,
0x0000020d64197d10, 0x0000020d649c95a0, 0x0000020d64a1dff0, 0x0000020d45cae980,
0x0000020d64a3d800, 0x0000020d6400fbb0
}

Java Threads: ( => current thread )
  0x0000020d45d8e6a0 JavaThread "Reference Handler" daemon [_thread_blocked, id=25372, stack(0x0000004378200000,0x0000004378300000)]
  0x0000020d634ba2b0 JavaThread "Finalizer" daemon [_thread_blocked, id=25384, stack(0x0000004378300000,0x0000004378400000)]
  0x0000020d634d2b10 JavaThread "Signal Dispatcher" daemon [_thread_blocked, id=24608, stack(0x0000004378400000,0x0000004378500000)]
  0x0000020d634d55d0 JavaThread "Attach Listener" daemon [_thread_blocked, id=25380, stack(0x0000004378500000,0x0000004378600000)]
  0x0000020d634d6080 JavaThread "Service Thread" daemon [_thread_blocked, id=24124, stack(0x0000004378600000,0x0000004378700000)]
=>0x0000020d634db370 JavaThread "C2 CompilerThread0" daemon [_thread_in_native, id=17284, stack(0x0000004378700000,0x0000004378800000)]
  0x0000020d634dde80 JavaThread "C1 CompilerThread0" daemon [_thread_blocked, id=22284, stack(0x0000004378800000,0x0000004378900000)]
  0x0000020d634f1060 JavaThread "Sweeper thread" daemon [_thread_blocked, id=24076, stack(0x0000004378900000,0x0000004378a00000)]
  0x0000020d634ae7b0 JavaThread "Common-Cleaner" daemon [_thread_blocked, id=24504, stack(0x0000004378a00000,0x0000004378b00000)]
  0x0000020d63f63070 JavaThread "Notification Thread" daemon [_thread_blocked, id=24180, stack(0x0000004378b00000,0x0000004378c00000)]
  0x0000020d6418b6f0 JavaThread "Java2D Disposer" daemon [_thread_blocked, id=20324, stack(0x0000004378d00000,0x0000004378e00000)]
  0x0000020d6418e840 JavaThread "AWT-Shutdown" [_thread_blocked, id=25168, stack(0x0000004378e00000,0x0000004378f00000)]
  0x0000020d64197d10 JavaThread "AWT-Windows" daemon [_thread_in_native, id=24440, stack(0x0000004378f00000,0x0000004379000000)]
  0x0000020d649c95a0 JavaThread "AWT-EventQueue-0" [_thread_in_vm, id=23144, stack(0x0000004379800000,0x0000004379900000)]
  0x0000020d64a1dff0 JavaThread "D3D Screen Updater" daemon [_thread_blocked, id=9596, stack(0x0000004379900000,0x0000004379a00000)]
  0x0000020d45cae980 JavaThread "DestroyJavaVM" [_thread_blocked, id=25288, stack(0x0000004377b00000,0x0000004377c00000)]
  0x0000020d64a3d800 JavaThread "TimerQueue" daemon [_thread_blocked, id=12616, stack(0x0000004379a00000,0x0000004379b00000)]
  0x0000020d6400fbb0 JavaThread "mysql-cj-abandoned-connection-cleanup" daemon [_thread_blocked, id=24396, stack(0x0000004379d00000,0x0000004379e00000)]

Other Threads:
  0x0000020d45d8be20 VMThread "VM Thread" [stack: 0x0000004378100000,0x0000004378200000] [id=25368]
  0x0000020d45cafab0 WatcherThread [stack: 0x0000004378c00000,0x0000004378d00000] [id=24500]
  0x0000020d45ce81f0 GCTaskThread "GC Thread#0" [stack: 0x0000004377c00000,0x0000004377d00000] [id=15680]
  0x0000020d45cf6210 ConcurrentGCThread "G1 Main Marker" [stack: 0x0000004377d00000,0x0000004377e00000] [id=13820]
  0x0000020d45cf75a0 ConcurrentGCThread "G1 Conc#0" [stack: 0x0000004377e00000,0x0000004377f00000] [id=24280]
  0x0000020d45d6aab0 ConcurrentGCThread "G1 Refine#0" [stack: 0x0000004377f00000,0x0000004378000000] [id=23672]
  0x0000020d45d6b6b0 ConcurrentGCThread "G1 Young RemSet Sampling" [stack: 0x0000004378000000,0x0000004378100000] [id=25312]

Threads with active compile tasks:
C2 CompilerThread0     6477 1000       4       java.util.Properties::loadConvert (544 bytes)

VM state: not at safepoint (normal execution)

VM Mutex/Monitor currently owned by a thread: None

Heap address: 0x00000000a0e00000, size: 1522 MB, Compressed Oops mode: 32-bit
CDS archive(s) mapped at: [0x0000000800000000-0x0000000800b50000-0x0000000800b50000), size 11862016, SharedBaseAddress: 0x0000000800000000, ArchiveRelocationMode: 0.
Compressed class space mapped at: 0x0000000800b50000-0x0000000840b50000, size: 1073741824
Narrow klass base: 0x0000000800000000, Narrow klass shift: 3, Narrow klass range: 0x100000000

GC Precious Log:
 CPUs: 8 total, 8 available
 Memory: 6082M
 Large Page Support: Disabled
 NUMA Support: Disabled
 Compressed Oops: Enabled (32-bit)
 Heap Region Size: 1M
 Heap Min Capacity: 8M
 Heap Initial Capacity: 96M
 Heap Max Capacity: 1522M
 Pre-touch: Disabled
 Parallel Workers: 8
 Concurrent Workers: 2
 Concurrent Refinement Workers: 8
 Periodic GC: Disabled

Heap:
 garbage-first heap   total 98304K, used 14336K [0x00000000a0e00000, 0x0000000100000000)
  region size 1024K, 10 young (10240K), 0 survivors (0K)
 Metaspace       used 9274K, capacity 9473K, committed 9600K, reserved 1058816K
  class space    used 1017K, capacity 1102K, committed 1152K, reserved 1048576K

Heap Regions: E=young(eden), S=young(survivor), O=old, HS=humongous(starts), HC=humongous(continues), CS=collection set, F=free, OA=open archive, CA=closed archive, TAMS=top-at-mark-start (previous, next)
|   0|0x00000000a0e00000, 0x00000000a0f00000, 0x00000000a0f00000|100%|HS|  |TAMS 0x00000000a0e00000, 0x00000000a0e00000| Complete 
|   1|0x00000000a0f00000, 0x00000000a1000000, 0x00000000a1000000|100%|HC|  |TAMS 0x00000000a0f00000, 0x00000000a0f00000| Complete 
|   2|0x00000000a1000000, 0x00000000a1100000, 0x00000000a1100000|100%|HC|  |TAMS 0x00000000a1000000, 0x00000000a1000000| Complete 
|   3|0x00000000a1100000, 0x00000000a1200000, 0x00000000a1200000|100%|HC|  |TAMS 0x00000000a1100000, 0x00000000a1100000| Complete 
|   4|0x00000000a1200000, 0x00000000a1300000, 0x00000000a1300000|100%|HC|  |TAMS 0x00000000a1200000, 0x00000000a1200000| Complete 
|   5|0x00000000a1300000, 0x00000000a1300000, 0x00000000a1400000|  0%| F|  |TAMS 0x00000000a1300000, 0x00000000a1300000| Untracked 
|   6|0x00000000a1400000, 0x00000000a1400000, 0x00000000a1500000|  0%| F|  |TAMS 0x00000000a1400000, 0x00000000a1400000| Untracked 
|   7|0x00000000a1500000, 0x00000000a1500000, 0x00000000a1600000|  0%| F|  |TAMS 0x00000000a1500000, 0x00000000a1500000| Untracked 
|   8|0x00000000a1600000, 0x00000000a1600000, 0x00000000a1700000|  0%| F|  |TAMS 0x00000000a1600000, 0x00000000a1600000| Untracked 
|   9|0x00000000a1700000, 0x00000000a1700000, 0x00000000a1800000|  0%| F|  |TAMS 0x00000000a1700000, 0x00000000a1700000| Untracked 
|  10|0x00000000a1800000, 0x00000000a1800000, 0x00000000a1900000|  0%| F|  |TAMS 0x00000000a1800000, 0x00000000a1800000| Untracked 
|  11|0x00000000a1900000, 0x00000000a1900000, 0x00000000a1a00000|  0%| F|  |TAMS 0x00000000a1900000, 0x00000000a1900000| Untracked 
|  12|0x00000000a1a00000, 0x00000000a1a00000, 0x00000000a1b00000|  0%| F|  |TAMS 0x00000000a1a00000, 0x00000000a1a00000| Untracked 
|  13|0x00000000a1b00000, 0x00000000a1b00000, 0x00000000a1c00000|  0%| F|  |TAMS 0x00000000a1b00000, 0x00000000a1b00000| Untracked 
|  14|0x00000000a1c00000, 0x00000000a1c00000, 0x00000000a1d00000|  0%| F|  |TAMS 0x00000000a1c00000, 0x00000000a1c00000| Untracked 
|  15|0x00000000a1d00000, 0x00000000a1d00000, 0x00000000a1e00000|  0%| F|  |TAMS 0x00000000a1d00000, 0x00000000a1d00000| Untracked 
|  16|0x00000000a1e00000, 0x00000000a1e00000, 0x00000000a1f00000|  0%| F|  |TAMS 0x00000000a1e00000, 0x00000000a1e00000| Untracked 
|  17|0x00000000a1f00000, 0x00000000a1f00000, 0x00000000a2000000|  0%| F|  |TAMS 0x00000000a1f00000, 0x00000000a1f00000| Untracked 
|  18|0x00000000a2000000, 0x00000000a2000000, 0x00000000a2100000|  0%| F|  |TAMS 0x00000000a2000000, 0x00000000a2000000| Untracked 
|  19|0x00000000a2100000, 0x00000000a2100000, 0x00000000a2200000|  0%| F|  |TAMS 0x00000000a2100000, 0x00000000a2100000| Untracked 
|  20|0x00000000a2200000, 0x00000000a2200000, 0x00000000a2300000|  0%| F|  |TAMS 0x00000000a2200000, 0x00000000a2200000| Untracked 
|  21|0x00000000a2300000, 0x00000000a2300000, 0x00000000a2400000|  0%| F|  |TAMS 0x00000000a2300000, 0x00000000a2300000| Untracked 
|  22|0x00000000a2400000, 0x00000000a2400000, 0x00000000a2500000|  0%| F|  |TAMS 0x00000000a2400000, 0x00000000a2400000| Untracked 
|  23|0x00000000a2500000, 0x00000000a2500000, 0x00000000a2600000|  0%| F|  |TAMS 0x00000000a2500000, 0x00000000a2500000| Untracked 
|  24|0x00000000a2600000, 0x00000000a2600000, 0x00000000a2700000|  0%| F|  |TAMS 0x00000000a2600000, 0x00000000a2600000| Untracked 
|  25|0x00000000a2700000, 0x00000000a2700000, 0x00000000a2800000|  0%| F|  |TAMS 0x00000000a2700000, 0x00000000a2700000| Untracked 
|  26|0x00000000a2800000, 0x00000000a2800000, 0x00000000a2900000|  0%| F|  |TAMS 0x00000000a2800000, 0x00000000a2800000| Untracked 
|  27|0x00000000a2900000, 0x00000000a2900000, 0x00000000a2a00000|  0%| F|  |TAMS 0x00000000a2900000, 0x00000000a2900000| Untracked 
|  28|0x00000000a2a00000, 0x00000000a2a00000, 0x00000000a2b00000|  0%| F|  |TAMS 0x00000000a2a00000, 0x00000000a2a00000| Untracked 
|  29|0x00000000a2b00000, 0x00000000a2b00000, 0x00000000a2c00000|  0%| F|  |TAMS 0x00000000a2b00000, 0x00000000a2b00000| Untracked 
|  30|0x00000000a2c00000, 0x00000000a2c00000, 0x00000000a2d00000|  0%| F|  |TAMS 0x00000000a2c00000, 0x00000000a2c00000| Untracked 
|  31|0x00000000a2d00000, 0x00000000a2d00000, 0x00000000a2e00000|  0%| F|  |TAMS 0x00000000a2d00000, 0x00000000a2d00000| Untracked 
|  32|0x00000000a2e00000, 0x00000000a2e00000, 0x00000000a2f00000|  0%| F|  |TAMS 0x00000000a2e00000, 0x00000000a2e00000| Untracked 
|  33|0x00000000a2f00000, 0x00000000a2f00000, 0x00000000a3000000|  0%| F|  |TAMS 0x00000000a2f00000, 0x00000000a2f00000| Untracked 
|  34|0x00000000a3000000, 0x00000000a3000000, 0x00000000a3100000|  0%| F|  |TAMS 0x00000000a3000000, 0x00000000a3000000| Untracked 
|  35|0x00000000a3100000, 0x00000000a3100000, 0x00000000a3200000|  0%| F|  |TAMS 0x00000000a3100000, 0x00000000a3100000| Untracked 
|  36|0x00000000a3200000, 0x00000000a3200000, 0x00000000a3300000|  0%| F|  |TAMS 0x00000000a3200000, 0x00000000a3200000| Untracked 
|  37|0x00000000a3300000, 0x00000000a3300000, 0x00000000a3400000|  0%| F|  |TAMS 0x00000000a3300000, 0x00000000a3300000| Untracked 
|  38|0x00000000a3400000, 0x00000000a3400000, 0x00000000a3500000|  0%| F|  |TAMS 0x00000000a3400000, 0x00000000a3400000| Untracked 
|  39|0x00000000a3500000, 0x00000000a3500000, 0x00000000a3600000|  0%| F|  |TAMS 0x00000000a3500000, 0x00000000a3500000| Untracked 
|  40|0x00000000a3600000, 0x00000000a3600000, 0x00000000a3700000|  0%| F|  |TAMS 0x00000000a3600000, 0x00000000a3600000| Untracked 
|  41|0x00000000a3700000, 0x00000000a3700000, 0x00000000a3800000|  0%| F|  |TAMS 0x00000000a3700000, 0x00000000a3700000| Untracked 
|  42|0x00000000a3800000, 0x00000000a3800000, 0x00000000a3900000|  0%| F|  |TAMS 0x00000000a3800000, 0x00000000a3800000| Untracked 
|  43|0x00000000a3900000, 0x00000000a3900000, 0x00000000a3a00000|  0%| F|  |TAMS 0x00000000a3900000, 0x00000000a3900000| Untracked 
|  44|0x00000000a3a00000, 0x00000000a3a00000, 0x00000000a3b00000|  0%| F|  |TAMS 0x00000000a3a00000, 0x00000000a3a00000| Untracked 
|  45|0x00000000a3b00000, 0x00000000a3b00000, 0x00000000a3c00000|  0%| F|  |TAMS 0x00000000a3b00000, 0x00000000a3b00000| Untracked 
|  46|0x00000000a3c00000, 0x00000000a3c00000, 0x00000000a3d00000|  0%| F|  |TAMS 0x00000000a3c00000, 0x00000000a3c00000| Untracked 
|  47|0x00000000a3d00000, 0x00000000a3d00000, 0x00000000a3e00000|  0%| F|  |TAMS 0x00000000a3d00000, 0x00000000a3d00000| Untracked 
|  48|0x00000000a3e00000, 0x00000000a3e00000, 0x00000000a3f00000|  0%| F|  |TAMS 0x00000000a3e00000, 0x00000000a3e00000| Untracked 
|  49|0x00000000a3f00000, 0x00000000a3f00000, 0x00000000a4000000|  0%| F|  |TAMS 0x00000000a3f00000, 0x00000000a3f00000| Untracked 
|  50|0x00000000a4000000, 0x00000000a4000000, 0x00000000a4100000|  0%| F|  |TAMS 0x00000000a4000000, 0x00000000a4000000| Untracked 
|  51|0x00000000a4100000, 0x00000000a4100000, 0x00000000a4200000|  0%| F|  |TAMS 0x00000000a4100000, 0x00000000a4100000| Untracked 
|  52|0x00000000a4200000, 0x00000000a4200000, 0x00000000a4300000|  0%| F|  |TAMS 0x00000000a4200000, 0x00000000a4200000| Untracked 
|  53|0x00000000a4300000, 0x00000000a4300000, 0x00000000a4400000|  0%| F|  |TAMS 0x00000000a4300000, 0x00000000a4300000| Untracked 
|  54|0x00000000a4400000, 0x00000000a4400000, 0x00000000a4500000|  0%| F|  |TAMS 0x00000000a4400000, 0x00000000a4400000| Untracked 
|  55|0x00000000a4500000, 0x00000000a4500000, 0x00000000a4600000|  0%| F|  |TAMS 0x00000000a4500000, 0x00000000a4500000| Untracked 
|  56|0x00000000a4600000, 0x00000000a4600000, 0x00000000a4700000|  0%| F|  |TAMS 0x00000000a4600000, 0x00000000a4600000| Untracked 
|  57|0x00000000a4700000, 0x00000000a4700000, 0x00000000a4800000|  0%| F|  |TAMS 0x00000000a4700000, 0x00000000a4700000| Untracked 
|  58|0x00000000a4800000, 0x00000000a4800000, 0x00000000a4900000|  0%| F|  |TAMS 0x00000000a4800000, 0x00000000a4800000| Untracked 
|  59|0x00000000a4900000, 0x00000000a4900000, 0x00000000a4a00000|  0%| F|  |TAMS 0x00000000a4900000, 0x00000000a4900000| Untracked 
|  60|0x00000000a4a00000, 0x00000000a4a00000, 0x00000000a4b00000|  0%| F|  |TAMS 0x00000000a4a00000, 0x00000000a4a00000| Untracked 
|  61|0x00000000a4b00000, 0x00000000a4b00000, 0x00000000a4c00000|  0%| F|  |TAMS 0x00000000a4b00000, 0x00000000a4b00000| Untracked 
|  62|0x00000000a4c00000, 0x00000000a4c00000, 0x00000000a4d00000|  0%| F|  |TAMS 0x00000000a4c00000, 0x00000000a4c00000| Untracked 
|  63|0x00000000a4d00000, 0x00000000a4d00000, 0x00000000a4e00000|  0%| F|  |TAMS 0x00000000a4d00000, 0x00000000a4d00000| Untracked 
|  64|0x00000000a4e00000, 0x00000000a4e00000, 0x00000000a4f00000|  0%| F|  |TAMS 0x00000000a4e00000, 0x00000000a4e00000| Untracked 
|  65|0x00000000a4f00000, 0x00000000a4f00000, 0x00000000a5000000|  0%| F|  |TAMS 0x00000000a4f00000, 0x00000000a4f00000| Untracked 
|  66|0x00000000a5000000, 0x00000000a5000000, 0x00000000a5100000|  0%| F|  |TAMS 0x00000000a5000000, 0x00000000a5000000| Untracked 
|  67|0x00000000a5100000, 0x00000000a5100000, 0x00000000a5200000|  0%| F|  |TAMS 0x00000000a5100000, 0x00000000a5100000| Untracked 
|  68|0x00000000a5200000, 0x00000000a5200000, 0x00000000a5300000|  0%| F|  |TAMS 0x00000000a5200000, 0x00000000a5200000| Untracked 
|  69|0x00000000a5300000, 0x00000000a5300000, 0x00000000a5400000|  0%| F|  |TAMS 0x00000000a5300000, 0x00000000a5300000| Untracked 
|  70|0x00000000a5400000, 0x00000000a5400000, 0x00000000a5500000|  0%| F|  |TAMS 0x00000000a5400000, 0x00000000a5400000| Untracked 
|  71|0x00000000a5500000, 0x00000000a5500000, 0x00000000a5600000|  0%| F|  |TAMS 0x00000000a5500000, 0x00000000a5500000| Untracked 
|  72|0x00000000a5600000, 0x00000000a5600000, 0x00000000a5700000|  0%| F|  |TAMS 0x00000000a5600000, 0x00000000a5600000| Untracked 
|  73|0x00000000a5700000, 0x00000000a5700000, 0x00000000a5800000|  0%| F|  |TAMS 0x00000000a5700000, 0x00000000a5700000| Untracked 
|  74|0x00000000a5800000, 0x00000000a5800000, 0x00000000a5900000|  0%| F|  |TAMS 0x00000000a5800000, 0x00000000a5800000| Untracked 
|  75|0x00000000a5900000, 0x00000000a5900000, 0x00000000a5a00000|  0%| F|  |TAMS 0x00000000a5900000, 0x00000000a5900000| Untracked 
|  76|0x00000000a5a00000, 0x00000000a5a00000, 0x00000000a5b00000|  0%| F|  |TAMS 0x00000000a5a00000, 0x00000000a5a00000| Untracked 
|  77|0x00000000a5b00000, 0x00000000a5b00000, 0x00000000a5c00000|  0%| F|  |TAMS 0x00000000a5b00000, 0x00000000a5b00000| Untracked 
|  78|0x00000000a5c00000, 0x00000000a5c00000, 0x00000000a5d00000|  0%| F|  |TAMS 0x00000000a5c00000, 0x00000000a5c00000| Untracked 
|  79|0x00000000a5d00000, 0x00000000a5d00000, 0x00000000a5e00000|  0%| F|  |TAMS 0x00000000a5d00000, 0x00000000a5d00000| Untracked 
|  80|0x00000000a5e00000, 0x00000000a5e00000, 0x00000000a5f00000|  0%| F|  |TAMS 0x00000000a5e00000, 0x00000000a5e00000| Untracked 
|  81|0x00000000a5f00000, 0x00000000a5f00000, 0x00000000a6000000|  0%| F|  |TAMS 0x00000000a5f00000, 0x00000000a5f00000| Untracked 
|  82|0x00000000a6000000, 0x00000000a6000000, 0x00000000a6100000|  0%| F|  |TAMS 0x00000000a6000000, 0x00000000a6000000| Untracked 
|  83|0x00000000a6100000, 0x00000000a6100000, 0x00000000a6200000|  0%| F|  |TAMS 0x00000000a6100000, 0x00000000a6100000| Untracked 
|  84|0x00000000a6200000, 0x00000000a6200000, 0x00000000a6300000|  0%| F|  |TAMS 0x00000000a6200000, 0x00000000a6200000| Untracked 
|  85|0x00000000a6300000, 0x00000000a637e610, 0x00000000a6400000| 49%| E|  |TAMS 0x00000000a6300000, 0x00000000a6300000| Complete 
|  86|0x00000000a6400000, 0x00000000a6500000, 0x00000000a6500000|100%| E|  |TAMS 0x00000000a6400000, 0x00000000a6400000| Complete 
|  87|0x00000000a6500000, 0x00000000a6600000, 0x00000000a6600000|100%| E|CS|TAMS 0x00000000a6500000, 0x00000000a6500000| Complete 
|  88|0x00000000a6600000, 0x00000000a6700000, 0x00000000a6700000|100%| E|CS|TAMS 0x00000000a6600000, 0x00000000a6600000| Complete 
|  89|0x00000000a6700000, 0x00000000a6800000, 0x00000000a6800000|100%| E|CS|TAMS 0x00000000a6700000, 0x00000000a6700000| Complete 
|  90|0x00000000a6800000, 0x00000000a6900000, 0x00000000a6900000|100%| E|CS|TAMS 0x00000000a6800000, 0x00000000a6800000| Complete 
|  91|0x00000000a6900000, 0x00000000a6a00000, 0x00000000a6a00000|100%| E|CS|TAMS 0x00000000a6900000, 0x00000000a6900000| Complete 
|  92|0x00000000a6a00000, 0x00000000a6b00000, 0x00000000a6b00000|100%| E|CS|TAMS 0x00000000a6a00000, 0x00000000a6a00000| Complete 
|  93|0x00000000a6b00000, 0x00000000a6c00000, 0x00000000a6c00000|100%| E|CS|TAMS 0x00000000a6b00000, 0x00000000a6b00000| Complete 
|  94|0x00000000a6c00000, 0x00000000a6d00000, 0x00000000a6d00000|100%| E|CS|TAMS 0x00000000a6c00000, 0x00000000a6c00000| Complete 
|  95|0x00000000a6d00000, 0x00000000a6e00000, 0x00000000a6e00000|100%| E|CS|TAMS 0x00000000a6d00000, 0x00000000a6d00000| Complete 

Card table byte_map: [0x0000020d5d530000,0x0000020d5d830000] _byte_map_base: 0x0000020d5d029000

Marking Bits (Prev, Next): (CMBitMap*) 0x0000020d45ce8a60, (CMBitMap*) 0x0000020d45ce8aa0
 Prev Bits: [0x0000020d5db30000, 0x0000020d5f2f8000)
 Next Bits: [0x0000020d5f300000, 0x0000020d60ac8000)

Polling page: 0x0000020d43c80000

Metaspace:

Usage:
  Non-class:      8.30 MB capacity,     8.16 MB ( 98%) used,   131.39 KB (  2%) free+waste,    13.12 KB ( <1%) overhead. 
      Class:      1.11 MB capacity,     1.00 MB ( 91%) used,   100.67 KB (  9%) free+waste,     5.69 KB ( <1%) overhead. 
       Both:      9.41 MB capacity,     9.16 MB ( 97%) used,   232.06 KB (  2%) free+waste,    18.81 KB ( <1%) overhead. 

Virtual space:
  Non-class space:       10.00 MB reserved,       8.50 MB ( 85%) committed 
      Class space:        1.00 GB reserved,       1.12 MB ( <1%) committed 
             Both:        1.01 GB reserved,       9.62 MB ( <1%) committed 

Chunk freelists:
   Non-Class:  13.00 KB
       Class:  18.00 KB
        Both:  31.00 KB

MaxMetaspaceSize: 17179869184.00 GB
CompressedClassSpaceSize: 1.00 GB

CodeHeap 'non-profiled nmethods': size=120000Kb used=282Kb max_used=282Kb free=119717Kb
 bounds [0x0000020d559c0000, 0x0000020d55c30000, 0x0000020d5cef0000]
CodeHeap 'profiled nmethods': size=120000Kb used=1643Kb max_used=1643Kb free=118357Kb
 bounds [0x0000020d4e490000, 0x0000020d4e700000, 0x0000020d559c0000]
CodeHeap 'non-nmethods': size=5760Kb used=1296Kb max_used=1296Kb free=4463Kb
 bounds [0x0000020d4def0000, 0x0000020d4e160000, 0x0000020d4e490000]
 total_blobs=1637 nmethods=1045 adapters=505
 compilation: enabled
              stopped_count=0, restarted_count=0
 full_count=0

Compilation events (20 events):
Event: 6.379 Thread 0x0000020d634dde80  991       3       jdk.internal.jimage.ImageReader::requireOpen (18 bytes)
Event: 6.380 Thread 0x0000020d634dde80 nmethod 991 0x0000020d4e5fe390 code [0x0000020d4e5fe540, 0x0000020d4e5fe748]
Event: 6.380 Thread 0x0000020d634dde80  992       3       jdk.internal.loader.BuiltinClassLoader::moduleReaderFor (45 bytes)
Event: 6.380 Thread 0x0000020d634dde80 nmethod 992 0x0000020d4e5fe810 code [0x0000020d4e5fea00, 0x0000020d4e5ff118]
Event: 6.382 Thread 0x0000020d634dde80  993       3       java.util.Properties::loadConvert (544 bytes)
Event: 6.383 Thread 0x0000020d634db370  996       4       java.lang.StringUTF16::compress (50 bytes)
Event: 6.385 Thread 0x0000020d634dde80 nmethod 993 0x0000020d4e5ff310 code [0x0000020d4e5ff600, 0x0000020d4e6009f8]
Event: 6.385 Thread 0x0000020d634dde80  994 %     3       java.util.Properties$LineReader::readLine @ 53 (584 bytes)
Event: 6.390 Thread 0x0000020d634dde80 nmethod 994% 0x0000020d4e601010 code [0x0000020d4e6013e0, 0x0000020d4e6044d8]
Event: 6.390 Thread 0x0000020d634dde80  995       3       java.util.concurrent.ConcurrentHashMap::put (8 bytes)
Event: 6.391 Thread 0x0000020d634dde80 nmethod 995 0x0000020d4e605310 code [0x0000020d4e6054c0, 0x0000020d4e6055e8]
Event: 6.391 Thread 0x0000020d634dde80  999       3       java.util.Properties$LineReader::readLine (584 bytes)
Event: 6.391 Thread 0x0000020d634db370 nmethod 996 0x0000020d55a03890 code [0x0000020d55a03a00, 0x0000020d55a03cf8]
Event: 6.391 Thread 0x0000020d634db370  998       4       jdk.internal.misc.Unsafe::putReferenceRelease (9 bytes)
Event: 6.393 Thread 0x0000020d634db370 nmethod 998 0x0000020d55a03e10 code [0x0000020d55a03f80, 0x0000020d55a04098]
Event: 6.396 Thread 0x0000020d634db370 1000       4       java.util.Properties::loadConvert (544 bytes)
Event: 6.397 Thread 0x0000020d634dde80 nmethod 999 0x0000020d4e605690 code [0x0000020d4e605a60, 0x0000020d4e6086f8]
Event: 6.397 Thread 0x0000020d634dde80  997  s    3       java.util.Properties::put (10 bytes)
Event: 6.398 Thread 0x0000020d634dde80 nmethod 997 0x0000020d4e609410 code [0x0000020d4e6095c0, 0x0000020d4e609808]
Event: 6.402 Thread 0x0000020d634dde80 1002 %     3       sun.nio.cs.UTF_8$Decoder::decodeArrayLoop @ 73 (691 bytes)

GC Heap History (0 events):
No events

Deoptimization events (20 events):
Event: 0.260 Thread 0x0000020d45cae980 Uncommon trap: trap_request=0xffffff45 fr.pc=0x0000020d559cf1b8 relative=0x0000000000000838
Event: 0.260 Thread 0x0000020d45cae980 Uncommon trap: reason=unstable_if action=reinterpret pc=0x0000020d559cf1b8 method=java.util.HashMap.putVal(ILjava/lang/Object;Ljava/lang/Object;ZZ)Ljava/lang/Object; @ 81 c2
Event: 0.260 Thread 0x0000020d45cae980 DEOPT PACKING pc=0x0000020d559cf1b8 sp=0x0000004377bfe7a0
Event: 0.261 Thread 0x0000020d45cae980 DEOPT UNPACKING pc=0x0000020d4df3e42f sp=0x0000004377bfe740 mode 2
Event: 5.418 Thread 0x0000020d649c95a0 Uncommon trap: trap_request=0xffffff45 fr.pc=0x0000020d559fd2a4 relative=0x00000000000000a4
Event: 5.418 Thread 0x0000020d649c95a0 Uncommon trap: reason=unstable_if action=reinterpret pc=0x0000020d559fd2a4 method=java.awt.Component.inside(II)Z @ 21 c2
Event: 5.418 Thread 0x0000020d649c95a0 DEOPT PACKING pc=0x0000020d559fd2a4 sp=0x00000043798fe730
Event: 5.418 Thread 0x0000020d649c95a0 DEOPT UNPACKING pc=0x0000020d4df3e42f sp=0x00000043798fe5c8 mode 2
Event: 6.399 Thread 0x0000020d649c95a0 DEOPT PACKING pc=0x0000020d4e608519 sp=0x00000043798fb580
Event: 6.399 Thread 0x0000020d649c95a0 DEOPT UNPACKING pc=0x0000020d4df3e23f sp=0x00000043798faa78 mode 0
Event: 6.401 Thread 0x0000020d649c95a0 DEOPT PACKING pc=0x0000020d4e608519 sp=0x00000043798fb580
Event: 6.401 Thread 0x0000020d649c95a0 DEOPT UNPACKING pc=0x0000020d4df3e23f sp=0x00000043798faa78 mode 0
Event: 6.403 Thread 0x0000020d649c95a0 DEOPT PACKING pc=0x0000020d4e608519 sp=0x00000043798fb580
Event: 6.403 Thread 0x0000020d649c95a0 DEOPT UNPACKING pc=0x0000020d4df3e23f sp=0x00000043798faa78 mode 0
Event: 6.404 Thread 0x0000020d649c95a0 DEOPT PACKING pc=0x0000020d4e608519 sp=0x00000043798fb580
Event: 6.404 Thread 0x0000020d649c95a0 DEOPT UNPACKING pc=0x0000020d4df3e23f sp=0x00000043798faa78 mode 0
Event: 6.405 Thread 0x0000020d649c95a0 DEOPT PACKING pc=0x0000020d4e608519 sp=0x00000043798fb580
Event: 6.405 Thread 0x0000020d649c95a0 DEOPT UNPACKING pc=0x0000020d4df3e23f sp=0x00000043798faa78 mode 0
Event: 6.406 Thread 0x0000020d649c95a0 DEOPT PACKING pc=0x0000020d4e608519 sp=0x00000043798fb580
Event: 6.406 Thread 0x0000020d649c95a0 DEOPT UNPACKING pc=0x0000020d4df3e23f sp=0x00000043798faa78 mode 0

Classes unloaded (0 events):
No events

Classes redefined (0 events):
No events

Internal exceptions (16 events):
Event: 0.185 Thread 0x0000020d45cae980 Exception <a 'sun/nio/fs/WindowsException'{0x00000000a6dd90d0}> (0x00000000a6dd90d0) 
thrown [./open/src/hotspot/share/prims/jni.cpp, line 578]
Event: 0.186 Thread 0x0000020d45cae980 Exception <a 'sun/nio/fs/WindowsException'{0x00000000a6dd9650}> (0x00000000a6dd9650) 
thrown [./open/src/hotspot/share/prims/jni.cpp, line 578]
Event: 0.190 Thread 0x0000020d45cae980 Exception <a 'sun/nio/fs/WindowsException'{0x00000000a6ddbaa8}> (0x00000000a6ddbaa8) 
thrown [./open/src/hotspot/share/prims/jni.cpp, line 578]
Event: 0.293 Thread 0x0000020d45cae980 Exception <a 'java/lang/NoSuchMethodError'{0x00000000a6cb9788}: 'void java.lang.invoke.DirectMethodHandle$Holder.invokeSpecial(java.lang.Object, java.lang.Object, java.lang.Object)'> (0x00000000a6cb9788) 
thrown [./open/src/hotspot/share/interpreter/linkResolver.cpp, line 782]
Event: 0.326 Thread 0x0000020d45cae980 Exception <a 'java/lang/ClassNotFoundException'{0x00000000a6ccf808}: sun/awt/resources/spi/awtProvider> (0x00000000a6ccf808) 
thrown [./open/src/hotspot/share/classfile/systemDictionary.cpp, line 295]
Event: 0.389 Thread 0x0000020d45cae980 Exception <a 'java/io/FileNotFoundException'{0x00000000a6b26af0}> (0x00000000a6b26af0) 
thrown [./open/src/hotspot/share/prims/jni.cpp, line 578]
Event: 0.403 Thread 0x0000020d45cae980 Exception <a 'java/io/FileNotFoundException'{0x00000000a6b55318}> (0x00000000a6b55318) 
thrown [./open/src/hotspot/share/prims/jni.cpp, line 578]
Event: 0.404 Thread 0x0000020d45cae980 Exception <a 'java/lang/NoSuchMethodError'{0x00000000a6b56410}: 'java.lang.Object java.lang.invoke.DirectMethodHandle$Holder.invokeStatic(java.lang.Object)'> (0x00000000a6b56410) 
thrown [./open/src/hotspot/share/interpreter/linkResolver.cpp, line 782]
Event: 0.571 Thread 0x0000020d45cae980 Exception <a 'java/lang/NoSuchMethodError'{0x00000000a6babc68}: 'java.lang.Object java.lang.invoke.DirectMethodHandle$Holder.invokeStaticInit(java.lang.Object)'> (0x00000000a6babc68) 
thrown [./open/src/hotspot/share/interpreter/linkResolver.cpp, line 782]
Event: 0.942 Thread 0x0000020d45cae980 Exception <a 'java/lang/NoSuchMethodError'{0x00000000a6a32ac8}: 'java.lang.Object java.lang.invoke.DirectMethodHandle$Holder.newInvokeSpecial(java.lang.Object, java.lang.Object, java.lang.Object, java.lang.Object, java.lang.Object)'> (0x00000000a6a32ac8) 
thrown [./open/src/hotspot/share/interpreter/linkResolver.cpp, line 782]
Event: 0.948 Thread 0x0000020d45cae980 Exception <a 'java/lang/NoSuchMethodError'{0x00000000a6a3e558}: 'java.lang.Object java.lang.invoke.DirectMethodHandle$Holder.invokeStatic(java.lang.Object, int, java.lang.Object, java.lang.Object, java.lang.Object, java.lang.Object)'> (0x00000000a6a3e558) 
thrown [./open/src/hotspot/share/interpreter/linkResolver.cpp, line 782]
Event: 0.959 Thread 0x0000020d45cae980 Exception <a 'java/lang/NoSuchMethodError'{0x00000000a6a64800}: 'java.lang.Object java.lang.invoke.DirectMethodHandle$Holder.invokeStatic(java.lang.Object, int, java.lang.Object)'> (0x00000000a6a64800) 
thrown [./open/src/hotspot/share/interpreter/linkResolver.cpp, line 782]
Event: 1.020 Thread 0x0000020d45cae980 Exception <a 'java/lang/ClassNotFoundException'{0x00000000a691da10}: com/sun/swing/internal/plaf/metal/resources/spi/metalProvider> (0x00000000a691da10) 
thrown [./open/src/hotspot/share/classfile/systemDictionary.cpp, line 295]
Event: 1.023 Thread 0x0000020d45cae980 Exception <a 'java/lang/ClassNotFoundException'{0x00000000a6921ce0}: com/sun/swing/internal/plaf/basic/resources/spi/basicProvider> (0x00000000a6921ce0) 
thrown [./open/src/hotspot/share/classfile/systemDictionary.cpp, line 295]
Event: 1.180 Thread 0x0000020d45cae980 Exception <a 'java/lang/NoSuchMethodError'{0x00000000a6809d70}: 'void java.lang.invoke.DirectMethodHandle$Holder.invokeStaticInit(java.lang.Object)'> (0x00000000a6809d70) 
thrown [./open/src/hotspot/share/interpreter/linkResolver.cpp, line 782]
Event: 6.370 Thread 0x0000020d649c95a0 Exception <a 'java/lang/NoSuchMethodError'{0x00000000a6560468}: 'java.lang.Object java.lang.invoke.DirectMethodHandle$Holder.invokeInterface(java.lang.Object, java.lang.Object)'> (0x00000000a6560468) 
thrown [./open/src/hotspot/share/interpreter/linkResolver.cpp, line 782]

Events (20 events):
Event: 6.364 loading class java/io/StringWriter
Event: 6.364 loading class java/io/StringWriter done
Event: 6.367 loading class java/util/MissingResourceException
Event: 6.367 loading class java/util/MissingResourceException done
Event: 6.367 loading class java/util/ResourceBundle$ResourceBundleControlProviderHolder
Event: 6.368 loading class java/util/ResourceBundle$ResourceBundleControlProviderHolder done
Event: 6.369 loading class java/util/spi/ResourceBundleControlProvider
Event: 6.369 loading class java/util/spi/ResourceBundleControlProvider done
Event: 6.369 loading class java/util/ServiceLoader$ProviderSpliterator
Event: 6.370 loading class java/util/ServiceLoader$ProviderSpliterator done
Event: 6.376 loading class java/util/zip/ZipFile$ZipEntryIterator
Event: 6.376 loading class java/util/zip/ZipFile$ZipEntryIterator done
Event: 6.377 loading class java/util/ResourceBundle$Control$2
Event: 6.377 loading class java/util/ResourceBundle$Control$2 done
Event: 6.379 loading class java/util/PropertyResourceBundle
Event: 6.380 loading class java/util/PropertyResourceBundle done
Event: 6.380 loading class sun/util/PropertyResourceBundleCharset
Event: 6.381 loading class sun/util/PropertyResourceBundleCharset done
Event: 6.381 loading class sun/util/PropertyResourceBundleCharset$PropertiesFileDecoder
Event: 6.381 loading class sun/util/PropertyResourceBundleCharset$PropertiesFileDecoder done


Dynamic libraries:
0x00007ff752570000 - 0x00007ff75257f000 	C:\Program Files\Java\jdk-15.0.1\bin\java.exe
0x00007ff9f72d0000 - 0x00007ff9f74c5000 	C:\WINDOWS\SYSTEM32\ntdll.dll
0x00007ff9f66a0000 - 0x00007ff9f675d000 	C:\WINDOWS\System32\KERNEL32.DLL
0x00007ff9f4b50000 - 0x00007ff9f4e18000 	C:\WINDOWS\System32\KERNELBASE.dll
0x00007ff9f4e20000 - 0x00007ff9f4f20000 	C:\WINDOWS\System32\ucrtbase.dll
0x00007ff9ee9a0000 - 0x00007ff9ee9b9000 	C:\Program Files\Java\jdk-15.0.1\bin\VCRUNTIME140.dll
0x00007ff9f0280000 - 0x00007ff9f0298000 	C:\Program Files\Java\jdk-15.0.1\bin\jli.dll
0x00007ff9f6770000 - 0x00007ff9f681c000 	C:\WINDOWS\System32\ADVAPI32.dll
0x00007ff9f59b0000 - 0x00007ff9f5a4e000 	C:\WINDOWS\System32\msvcrt.dll
0x00007ff9f55b0000 - 0x00007ff9f564b000 	C:\WINDOWS\System32\sechost.dll
0x00007ff9f5650000 - 0x00007ff9f577b000 	C:\WINDOWS\System32\RPCRT4.dll
0x00007ff9f5780000 - 0x00007ff9f5920000 	C:\WINDOWS\System32\USER32.dll
0x00007ff9f4fa0000 - 0x00007ff9f4fc2000 	C:\WINDOWS\System32\win32u.dll
0x00007ff9e3bb0000 - 0x00007ff9e3e4a000 	C:\WINDOWS\WinSxS\amd64_microsoft.windows.common-controls_6595b64144ccf1df_6.0.19041.844_none_ca00b6081b84eb1d\COMCTL32.dll
0x00007ff9f7140000 - 0x00007ff9f716a000 	C:\WINDOWS\System32\GDI32.dll
0x00007ff9f4a40000 - 0x00007ff9f4b4b000 	C:\WINDOWS\System32\gdi32full.dll
0x00007ff9f4fd0000 - 0x00007ff9f506d000 	C:\WINDOWS\System32\msvcp_win.dll
0x00007ff9ea5d0000 - 0x00007ff9ea5da000 	C:\WINDOWS\SYSTEM32\VERSION.dll
0x00007ff9f5920000 - 0x00007ff9f5950000 	C:\WINDOWS\System32\IMM32.DLL
0x00007ff9f01f0000 - 0x00007ff9f01fc000 	C:\Program Files\Java\jdk-15.0.1\bin\vcruntime140_1.dll
0x00007ff9e6830000 - 0x00007ff9e68c1000 	C:\Program Files\Java\jdk-15.0.1\bin\msvcp140.dll
0x00007ff9961a0000 - 0x00007ff996cfe000 	C:\Program Files\Java\jdk-15.0.1\bin\server\jvm.dll
0x00007ff9f61a0000 - 0x00007ff9f61a8000 	C:\WINDOWS\System32\PSAPI.DLL
0x00007ff9ea5a0000 - 0x00007ff9ea5c7000 	C:\WINDOWS\SYSTEM32\WINMM.dll
0x00007ff9f0400000 - 0x00007ff9f0409000 	C:\WINDOWS\SYSTEM32\WSOCK32.dll
0x00007ff9f5540000 - 0x00007ff9f55ab000 	C:\WINDOWS\System32\WS2_32.dll
0x00007ff9f32c0000 - 0x00007ff9f32d2000 	C:\WINDOWS\SYSTEM32\kernel.appcore.dll
0x00007ff9eefb0000 - 0x00007ff9eefba000 	C:\Program Files\Java\jdk-15.0.1\bin\jimage.dll
0x00007ff9f30b0000 - 0x00007ff9f3294000 	C:\WINDOWS\SYSTEM32\DBGHELP.DLL
0x00007ff9e0920000 - 0x00007ff9e094c000 	C:\WINDOWS\SYSTEM32\dbgcore.DLL
0x00007ff9f4f20000 - 0x00007ff9f4fa0000 	C:\WINDOWS\System32\bcryptPrimitives.dll
0x00007ff9ecff0000 - 0x00007ff9ed015000 	C:\Program Files\Java\jdk-15.0.1\bin\java.dll
0x00007ff9f5a50000 - 0x00007ff9f6192000 	C:\WINDOWS\System32\SHELL32.dll
0x00007ff9f2840000 - 0x00007ff9f2fd1000 	C:\WINDOWS\SYSTEM32\windows.storage.dll
0x00007ff9f6340000 - 0x00007ff9f6695000 	C:\WINDOWS\System32\combase.dll
0x00007ff9f43b0000 - 0x00007ff9f43dc000 	C:\WINDOWS\SYSTEM32\Wldp.dll
0x00007ff9f5410000 - 0x00007ff9f54be000 	C:\WINDOWS\System32\SHCORE.dll
0x00007ff9f7050000 - 0x00007ff9f70a5000 	C:\WINDOWS\System32\shlwapi.dll
0x00007ff9f4950000 - 0x00007ff9f496f000 	C:\WINDOWS\SYSTEM32\profapi.dll
0x00007ff9ee980000 - 0x00007ff9ee999000 	C:\Program Files\Java\jdk-15.0.1\bin\net.dll
0x00007ff9e9940000 - 0x00007ff9e9a4b000 	C:\WINDOWS\SYSTEM32\WINHTTP.dll
0x00007ff9f4120000 - 0x00007ff9f418a000 	C:\WINDOWS\system32\mswsock.dll
0x00007ff9ee700000 - 0x00007ff9ee712000 	C:\Program Files\Java\jdk-15.0.1\bin\nio.dll
0x00007ff9eccc0000 - 0x00007ff9eccd8000 	C:\Program Files\Java\jdk-15.0.1\bin\zip.dll
0x00007ff9c5550000 - 0x00007ff9c56d0000 	C:\Program Files\Java\jdk-15.0.1\bin\awt.dll
0x00007ff9f6960000 - 0x00007ff9f6a2d000 	C:\WINDOWS\System32\OLEAUT32.dll
0x00007ff9f1fa0000 - 0x00007ff9f2030000 	C:\WINDOWS\SYSTEM32\apphelp.dll
0x00007ff9f2300000 - 0x00007ff9f232f000 	C:\WINDOWS\system32\DWMAPI.DLL
0x00007ff9f2110000 - 0x00007ff9f21ae000 	C:\WINDOWS\system32\uxtheme.dll
0x00007ff9bd1c0000 - 0x00007ff9bd2e6000 	C:\WINDOWS\system32\opengl32.dll
0x00007ff9cf2e0000 - 0x00007ff9cf30c000 	C:\WINDOWS\SYSTEM32\GLU32.dll
0x00007ff9f7170000 - 0x00007ff9f7285000 	C:\WINDOWS\System32\MSCTF.dll
0x00007ff9f6210000 - 0x00007ff9f633a000 	C:\WINDOWS\System32\ole32.dll
0x00007ff9ba930000 - 0x00007ff9baafe000 	C:\WINDOWS\system32\d3d9.dll
0x00007ff9ea5e0000 - 0x00007ff9ea7bb000 	C:\WINDOWS\System32\DriverStore\FileRepository\u0361456.inf_amd64_23e88333e0901bd6\B358570\aticfx64.dll
0x00007ff9f0240000 - 0x00007ff9f0273000 	C:\WINDOWS\System32\DriverStore\FileRepository\u0361456.inf_amd64_23e88333e0901bd6\B358570\atiu9p64.dll
0x00007ff995500000 - 0x00007ff996196000 	C:\WINDOWS\System32\DriverStore\FileRepository\u0361456.inf_amd64_23e88333e0901bd6\B358570\atiumd64.dll
0x000000006eb00000 - 0x000000006f979000 	C:\WINDOWS\System32\DriverStore\FileRepository\u0361456.inf_amd64_23e88333e0901bd6\B358570\atiumd6a.dll
0x00007ff9f4880000 - 0x00007ff9f48cb000 	C:\WINDOWS\SYSTEM32\POWRPROF.dll
0x00007ff9f4860000 - 0x00007ff9f4872000 	C:\WINDOWS\SYSTEM32\UMPDC.dll
0x00007ff9ea460000 - 0x00007ff9ea48f000 	C:\WINDOWS\SYSTEM32\amdihk64.dll
0x00007ff9ea840000 - 0x00007ff9ea87b000 	C:\WINDOWS\SYSTEM32\dxcore.dll
0x00007ff9f52e0000 - 0x00007ff9f532e000 	C:\WINDOWS\System32\cfgmgr32.dll
0x00007ff9c7d90000 - 0x00007ff9c7e15000 	C:\Program Files\Java\jdk-15.0.1\bin\freetype.dll
0x00007ff9c1da0000 - 0x00007ff9c1e49000 	C:\Program Files\Java\jdk-15.0.1\bin\fontmanager.dll
0x00007ff9e9cd0000 - 0x00007ff9e9dc9000 	C:\WINDOWS\SYSTEM32\textinputframework.dll
0x00007ff9f1c60000 - 0x00007ff9f1d52000 	C:\WINDOWS\System32\CoreMessaging.dll
0x00007ff9f18f0000 - 0x00007ff9f1c4e000 	C:\WINDOWS\System32\CoreUIComponents.dll
0x00007ff9f1220000 - 0x00007ff9f1374000 	C:\WINDOWS\SYSTEM32\wintypes.dll
0x00007ff9f3730000 - 0x00007ff9f3763000 	C:\WINDOWS\SYSTEM32\ntmarta.dll

dbghelp: loaded successfully - version: 4.0.5 - missing functions: none
symbol engine: initialized successfully - sym options: 0x614 - pdb path: .;C:\Program Files\Java\jdk-15.0.1\bin;C:\WINDOWS\SYSTEM32;C:\WINDOWS\WinSxS\amd64_microsoft.windows.common-controls_6595b64144ccf1df_6.0.19041.844_none_ca00b6081b84eb1d;C:\Program Files\Java\jdk-15.0.1\bin\server;C:\WINDOWS\System32\DriverStore\FileRepository\u0361456.inf_amd64_23e88333e0901bd6\B358570

VM Arguments:
jvm_args: -Dfile.encoding=UTF-8 --module-path=C:\Users\Admin\Documents\NetBeansProjects\Hotel Management System\build\classes 
java_command: hotel.management.system.empinfo
java_class_path (initial): C:\Users\Admin\Downloads\mysql-connector-java-8.0.23.jar;C:\Users\Admin\Downloads\rs2xml.jar;C:\Users\Admin\Documents\NetBeansProjects\Hotel Management System\build\classes
Launcher Type: SUN_STANDARD

[Global flags]
     intx CICompilerCount                          = 4                                         {product} {ergonomic}
     uint ConcGCThreads                            = 2                                         {product} {ergonomic}
     uint G1ConcRefinementThreads                  = 8                                         {product} {ergonomic}
   size_t G1HeapRegionSize                         = 1048576                                   {product} {ergonomic}
    uintx GCDrainStackTargetSize                   = 64                                        {product} {ergonomic}
   size_t InitialHeapSize                          = 100663296                                 {product} {ergonomic}
   size_t MarkStackSize                            = 4194304                                   {product} {ergonomic}
   size_t MaxHeapSize                              = 1595932672                                {product} {ergonomic}
   size_t MaxNewSize                               = 957349888                                 {product} {ergonomic}
   size_t MinHeapDeltaBytes                        = 1048576                                   {product} {ergonomic}
   size_t MinHeapSize                              = 8388608                                   {product} {ergonomic}
    uintx NonNMethodCodeHeapSize                   = 5839372                                {pd product} {ergonomic}
    uintx NonProfiledCodeHeapSize                  = 122909434                              {pd product} {ergonomic}
    uintx ProfiledCodeHeapSize                     = 122909434                              {pd product} {ergonomic}
    uintx ReservedCodeCacheSize                    = 251658240                              {pd product} {ergonomic}
     bool SegmentedCodeCache                       = true                                      {product} {ergonomic}
   size_t SoftMaxHeapSize                          = 1595932672                             {manageable} {ergonomic}
     bool UseCompressedClassPointers               = true                                 {lp64_product} {ergonomic}
     bool UseCompressedOops                        = true                                 {lp64_product} {ergonomic}
     bool UseG1GC                                  = true                                      {product} {ergonomic}
     bool UseLargePagesIndividualAllocation        = false                                  {pd product} {ergonomic}

Logging:
Log output configuration:
 #0: stdout all=warning uptime,level,tags
 #1: stderr all=off uptime,level,tags

Environment Variables:
JAVA_HOME=C:\Program Files\Java\jdk-15.0.1
PATH=C:\Program Files\Common Files\Oracle\Java\javapath;C:\WINDOWS\system32;C:\WINDOWS;C:\WINDOWS\System32\Wbem;C:\WINDOWS\System32\WindowsPowerShell\v1.0\;C:\WINDOWS\System32\OpenSSH\;C:\Program Files\MATLAB\R2017a\runtime\win64;C:\Program Files\MATLAB\R2017a\bin;C:\Program Files\Git\cmd;C:\Program Files\Git\mingw64\bin;C:\Program Files\Git\usr\bin;C:\Program Files\Java\jdk-15.0.1\bin;C:\Program Files\MySQL\MySQL Shell 8.0\bin\;C:\Users\Admin\AppData\Local\Programs\Python\Python38\Scripts\;C:\Users\Admin\AppData\Local\Programs\Python\Python38\;C:\Users\Admin\AppData\Local\Microsoft\WindowsApps;C:\Users\Admin\AppData\Local\atom\bin;C:\Users\Admin\AppData\Local\Programs\Microsoft VS Code\bin;C:\Program Files\JetBrains\IntelliJ IDEA Community Edition 2020.3.1\bin;;C:\Users\Admin\AppData\Local\Microsoft\WindowsApps;
USERNAME=Admin
OS=Windows_NT
PROCESSOR_IDENTIFIER=AMD64 Family 23 Model 24 Stepping 1, AuthenticAMD



---------------  S Y S T E M  ---------------

OS:
 Windows 10 , 64 bit Build 19041 (10.0.19041.928)
OS uptime: 0 days 22:11 hours

CPU: total 8 (initial active 8) (8 cores per cpu, 2 threads per core) family 23 model 24 stepping 1 microcode 0x0, cmov, cx8, fxsr, mmx, sse, sse2, sse3, ssse3, sse4.1, sse4.2, popcnt, vzeroupper, avx, avx2, aes, clmul, 3dnowpref, lzcnt, sse4a, ht, tsc, tscinvbit, tscinv, bmi1, bmi2, adx, sha, fma, clflush, clflushopt

Memory: 4k page, system-wide physical 6082M (231M free)
TotalPageFile size 21185M (AvailPageFile size 0M)
current process WorkingSet (physical memory assigned to process): 82M, peak: 82M
current process commit charge ("private bytes"): 221M, peak: 223M

vm_info: Java HotSpot(TM) 64-Bit Server VM (15.0.1+9-18) for windows-amd64 JRE (15.0.1+9-18), built on Sep 15 2020 14:43:54 by "mach5one" with unknown MS VC++:1925

END.
